{"message":"journal with id undefined created","level":"info"}
{"message":"journal with id 3 created","level":"info"}
{"message":"journal 3 deleted","level":"info"}
{"message":"journal updated","level":"info"}
{"message":"journal updated","level":"info"}
{"message":"journal with id 4 created","level":"info"}
{"message":"journal 4 deleted","level":"info"}
{"message":"journal with id 5 created","level":"info"}
{"message":"journal with id 6 created","level":"info"}
{"message":"journal 6 deleted","level":"info"}
{"message":"journal 5 deleted","level":"info"}
{"message":"journal 2 deleted","level":"info"}
{"message":"journal with id 7 created","level":"info"}
{"message":"content is missing","level":"error"}
{"message":"journal with id 2 created","level":"info"}
{"message":"journal with id 3 created","level":"info"}
{"message":"journal 3 deleted","level":"info"}
{"message":"journal 2 deleted","level":"info"}
{"message":"journal with id 4 created","level":"info"}
{"message":"journal with id 5 created","level":"info"}
{"message":"journal 4 deleted","level":"info"}
{"message":"journal with id 6 created","level":"info"}
{"message":"journal 5 deleted","level":"info"}
{"message":"journal with id 7 created","level":"info"}
{"message":"journal with id 8 created","level":"info"}
{"message":"journal with id 9 created","level":"info"}
{"message":"journal 9 deleted","level":"info"}
{"message":"journal 8 deleted","level":"info"}
{"message":"journal with id 10 created","level":"info"}
{"message":"journal 10 deleted","level":"info"}
{"message":"journal with id 11 created","level":"info"}
{"message":"journal 11 deleted","level":"info"}
{"message":"journal with id 12 created","level":"info"}
{"message":"journal with id 13 created","level":"info"}
{"message":"journal 1 deleted","level":"info"}
{"message":"Journal 1 not found","level":"error"}
{"message":"journal 13 deleted","level":"info"}
{"message":"journal with id 14 created","level":"info"}
{"message":"Journal 1 not found","level":"error"}
{"message":"Journal 1 not found","level":"error"}
{"message":"Journal 1 not found","level":"error"}
{"message":"Journal 1 not found","level":"error"}
{"message":"journal 7 deleted","level":"info"}
{"message":"journal 14 deleted","level":"info"}
{"message":"journal 12 deleted","level":"info"}
{"message":"journal with id 15 created","level":"info"}
